SF:lib/src/authentication_repository.dart
DA:15,2
DA:22,0
DA:24,0
DA:28,0
DA:32,0
DA:36,0
DA:40,0
DA:59,2
DA:65,0
DA:67,0
DA:71,0
DA:75,0
DA:79,0
DA:98,2
DA:104,0
DA:106,0
DA:110,0
DA:114,0
DA:118,0
DA:122,0
DA:126,0
DA:130,0
DA:134,0
DA:155,1
DA:159,1
DA:160,1
DA:161,1
DA:182,1
DA:183,4
DA:184,1
DA:185,2
DA:192,1
DA:193,2
DA:199,1
DA:201,2
DA:205,1
DA:206,0
DA:215,1
DA:218,1
DA:219,1
DA:220,2
DA:223,1
DA:225,2
DA:226,1
DA:227,1
DA:228,1
DA:229,1
DA:233,2
DA:234,1
DA:235,0
DA:244,1
DA:249,2
DA:253,1
DA:254,0
DA:264,1
DA:266,2
DA:267,2
DA:268,2
DA:271,1
DA:277,1
DA:278,5
LF:61
LH:38
end_of_record
SF:lib/src/models/user.dart
DA:10,5
DA:33,2
DA:36,2
DA:38,2
DA:39,10
LF:5
LH:5
end_of_record
