SF:lib/core/usecases/use_case.dart
DA:10,0
DA:11,0
LF:2
LH:0
end_of_record
SF:lib/features/invoice/domain/entities/invoice.dart
DA:7,3
DA:9,1
DA:10,3
LF:3
LH:3
end_of_record
SF:lib/features/invoice/domain/usecases/get_all_invoices.dart
DA:10,1
DA:12,1
DA:14,2
LF:3
LH:3
end_of_record
SF:lib/core/error/failure.dart
DA:4,0
LF:1
LH:0
end_of_record
SF:lib/features/invoice/domain/usecases/get_concrete_invoice.dart
DA:11,1
DA:14,1
DA:16,3
DA:24,1
DA:26,0
DA:27,0
LF:6
LH:4
end_of_record
SF:lib/features/invoice/data/models/invoice_model.dart
DA:4,1
DA:14,1
DA:15,1
DA:16,1
DA:17,2
DA:21,1
DA:22,1
DA:23,1
DA:24,1
LF:9
LH:9
end_of_record
